# JRE version: OpenJDK Runtime Environment (17.0.9) (build 17.0.9+0--11185874)
# Java VM: OpenJDK 64-Bit Server VM (17.0.9+0--11185874, mixed mode, tiered, compressed oops, compressed class ptrs, g1 gc, windows-amd64)
GC Precious Log:
 CPUs: 12 total, 12 available
 Memory: 32693M
 Large Page Support: Disabled
 NUMA Support: Disabled
 Compressed Oops: Enabled (Zero based)
 Heap Region Size: 4M
 Heap Min Capacity: 8M
 Heap Initial Capacity: 512M
 Heap Max Capacity: 8176M
 Pre-touch: Disabled
 Parallel Workers: 10
 Concurrent Workers: 3
 Concurrent Refinement Workers: 10
 Periodic GC: Disabled
Heap:
 garbage-first heap   total 385024K, used 234522K [0x0000000601000000, 0x0000000800000000)
  region size 4096K, 13 young (53248K), 4 survivors (16384K)
 Metaspace       used 89392K, committed 89856K, reserved 1179648K
  class space    used 9236K, committed 9472K, reserved 1048576K
GC Heap History (20 events):
Event: 7.660 GC heap before
{Heap before GC invocations=15 (full 0):
 garbage-first heap   total 319488K, used 210323K [0x0000000601000000, 0x0000000800000000)
  region size 4096K, 33 young (135168K), 3 survivors (12288K)
 Metaspace       used 64001K, committed 64320K, reserved 1114112K
  class space    used 7158K, committed 7296K, reserved 1048576K
}
Event: 7.672 GC heap after
{Heap after GC invocations=16 (full 0):
 garbage-first heap   total 319488K, used 96268K [0x0000000601000000, 0x0000000800000000)
  region size 4096K, 5 young (20480K), 5 survivors (20480K)
 Metaspace       used 64001K, committed 64320K, reserved 1114112K
  class space    used 7158K, committed 7296K, reserved 1048576K
}
Event: 9.438 GC heap before
{Heap before GC invocations=16 (full 0):
 garbage-first heap   total 319488K, used 223244K [0x0000000601000000, 0x0000000800000000)
  region size 4096K, 36 young (147456K), 5 survivors (20480K)
 Metaspace       used 66301K, committed 66752K, reserved 1114112K
  class space    used 7315K, committed 7552K, reserved 1048576K
}
Event: 9.458 GC heap after
{Heap after GC invocations=17 (full 0):
 garbage-first heap   total 319488K, used 107570K [0x0000000601000000, 0x0000000800000000)
  region size 4096K, 3 young (12288K), 3 survivors (12288K)
 Metaspace       used 66301K, committed 66752K, reserved 1114112K
  class space    used 7315K, committed 7552K, reserved 1048576K
}
Event: 11.336 GC heap before
{Heap before GC invocations=17 (full 0):
 garbage-first heap   total 319488K, used 234546K [0x0000000601000000, 0x0000000800000000)
  region size 4096K, 34 young (139264K), 3 survivors (12288K)
 Metaspace       used 67575K, committed 67968K, reserved 1114112K
  class space    used 7406K, committed 7616K, reserved 1048576K
}
Event: 11.353 GC heap after
{Heap after GC invocations=18 (full 0):
 garbage-first heap   total 319488K, used 118702K [0x0000000601000000, 0x0000000800000000)
  region size 4096K, 5 young (20480K), 5 survivors (20480K)
 Metaspace       used 67575K, committed 67968K, reserved 1114112K
  class space    used 7406K, committed 7616K, reserved 1048576K
}
Event: 12.998 GC heap before
{Heap before GC invocations=18 (full 0):
 garbage-first heap   total 319488K, used 241582K [0x0000000601000000, 0x0000000800000000)
  region size 4096K, 35 young (143360K), 5 survivors (20480K)
 Metaspace       used 68086K, committed 68608K, reserved 1114112K
  class space    used 7415K, committed 7680K, reserved 1048576K
}
Event: 13.019 GC heap after
{Heap after GC invocations=19 (full 0):
 garbage-first heap   total 319488K, used 130756K [0x0000000601000000, 0x0000000800000000)
  region size 4096K, 3 young (12288K), 3 survivors (12288K)
 Metaspace       used 68086K, committed 68608K, reserved 1114112K
  class space    used 7415K, committed 7680K, reserved 1048576K
}
Event: 14.381 GC heap before
{Heap before GC invocations=19 (full 0):
 garbage-first heap   total 319488K, used 245444K [0x0000000601000000, 0x0000000800000000)
  region size 4096K, 31 young (126976K), 3 survivors (12288K)
 Metaspace       used 68394K, committed 68864K, reserved 1114112K
  class space    used 7426K, committed 7680K, reserved 1048576K
}
Event: 14.397 GC heap after
{Heap after GC invocations=20 (full 0):
 garbage-first heap   total 385024K, used 140542K [0x0000000601000000, 0x0000000800000000)
  region size 4096K, 3 young (12288K), 3 survivors (12288K)
 Metaspace       used 68394K, committed 68864K, reserved 1114112K
  class space    used 7426K, committed 7680K, reserved 1048576K
}
Event: 16.041 GC heap before
{Heap before GC invocations=20 (full 0):
 garbage-first heap   total 385024K, used 304382K [0x0000000601000000, 0x0000000800000000)
  region size 4096K, 40 young (163840K), 3 survivors (12288K)
 Metaspace       used 68661K, committed 69120K, reserved 1114112K
  class space    used 7429K, committed 7680K, reserved 1048576K
}
Event: 16.056 GC heap after
{Heap after GC invocations=21 (full 0):
 garbage-first heap   total 385024K, used 161957K [0x0000000601000000, 0x0000000800000000)
  region size 4096K, 5 young (20480K), 5 survivors (20480K)
 Metaspace       used 68661K, committed 69120K, reserved 1114112K
  class space    used 7429K, committed 7680K, reserved 1048576K
}
Event: 17.423 GC heap before
{Heap before GC invocations=21 (full 0):
 garbage-first heap   total 385024K, used 301221K [0x0000000601000000, 0x0000000800000000)
  region size 4096K, 39 young (159744K), 5 survivors (20480K)
 Metaspace       used 68857K, committed 69312K, reserved 1114112K
  class space    used 7435K, committed 7680K, reserved 1048576K
}
Event: 17.441 GC heap after
{Heap after GC invocations=22 (full 0):
 garbage-first heap   total 385024K, used 172195K [0x0000000601000000, 0x0000000800000000)
  region size 4096K, 5 young (20480K), 5 survivors (20480K)
 Metaspace       used 68857K, committed 69312K, reserved 1114112K
  class space    used 7435K, committed 7680K, reserved 1048576K
}
Event: 18.295 GC heap before
{Heap before GC invocations=22 (full 0):
 garbage-first heap   total 385024K, used 307363K [0x0000000601000000, 0x0000000800000000)
  region size 4096K, 38 young (155648K), 5 survivors (20480K)
 Metaspace       used 69708K, committed 70144K, reserved 1114112K
  class space    used 7494K, committed 7744K, reserved 1048576K
}
Event: 18.310 GC heap after
{Heap after GC invocations=23 (full 0):
 garbage-first heap   total 385024K, used 178689K [0x0000000601000000, 0x0000000800000000)
  region size 4096K, 2 young (8192K), 2 survivors (8192K)
 Metaspace       used 69708K, committed 70144K, reserved 1114112K
  class space    used 7494K, committed 7744K, reserved 1048576K
}
Event: 19.934 GC heap before
{Heap before GC invocations=23 (full 0):
 garbage-first heap   total 385024K, used 309761K [0x0000000601000000, 0x0000000800000000)
  region size 4096K, 34 young (139264K), 2 survivors (8192K)
 Metaspace       used 76984K, committed 77440K, reserved 1179648K
  class space    used 8131K, committed 8384K, reserved 1048576K
}
Event: 19.951 GC heap after
{Heap after GC invocations=24 (full 0):
 garbage-first heap   total 385024K, used 190570K [0x0000000601000000, 0x0000000800000000)
  region size 4096K, 5 young (20480K), 5 survivors (20480K)
 Metaspace       used 76984K, committed 77440K, reserved 1179648K
  class space    used 8131K, committed 8384K, reserved 1048576K
}
Event: 21.533 GC heap before
{Heap before GC invocations=25 (full 0):
 garbage-first heap   total 385024K, used 309354K [0x0000000601000000, 0x0000000800000000)
  region size 4096K, 34 young (139264K), 5 survivors (20480K)
 Metaspace       used 83204K, committed 83648K, reserved 1179648K
  class space    used 8640K, committed 8896K, reserved 1048576K
}
Event: 21.554 GC heap after
{Heap after GC invocations=26 (full 0):
 garbage-first heap   total 385024K, used 205850K [0x0000000601000000, 0x0000000800000000)
  region size 4096K, 4 young (16384K), 4 survivors (16384K)
 Metaspace       used 83204K, committed 83648K, reserved 1179648K
  class space    used 8640K, committed 8896K, reserved 1048576K
}

