# JRE version: OpenJDK Runtime Environment (17.0.6) (build 17.0.6+0-b2043.56-10027231)
# Java VM: OpenJDK 64-Bit Server VM (17.0.6+0-b2043.56-10027231, mixed mode, tiered, compressed oops, compressed class ptrs, g1 gc, windows-amd64)
GC Precious Log:
 CPUs: 12 total, 12 available
 Memory: 32693M
 Large Page Support: Disabled
 NUMA Support: Disabled
 Compressed Oops: Enabled (32-bit)
 Heap Region Size: 1M
 Heap Min Capacity: 8M
 Heap Initial Capacity: 512M
 Heap Max Capacity: 2G
 Pre-touch: Disabled
 Parallel Workers: 10
 Concurrent Workers: 3
 Concurrent Refinement Workers: 10
 Periodic GC: Disabled
Heap:
 garbage-first heap   total 233472K, used 168302K [0x0000000080000000, 0x0000000100000000)
  region size 1024K, 28 young (28672K), 6 survivors (6144K)
 Metaspace       used 112134K, committed 112896K, reserved 1146880K
  class space    used 15117K, committed 15488K, reserved 1048576K
GC Heap History (20 events):
Event: 14.852 GC heap before
{Heap before GC invocations=33 (full 0):
 garbage-first heap   total 191488K, used 153673K [0x0000000080000000, 0x0000000100000000)
  region size 1024K, 46 young (47104K), 5 survivors (5120K)
 Metaspace       used 107993K, committed 108736K, reserved 1146880K
  class space    used 14609K, committed 14976K, reserved 1048576K
}
Event: 14.856 GC heap after
{Heap after GC invocations=34 (full 0):
 garbage-first heap   total 191488K, used 115314K [0x0000000080000000, 0x0000000100000000)
  region size 1024K, 5 young (5120K), 5 survivors (5120K)
 Metaspace       used 107993K, committed 108736K, reserved 1146880K
  class space    used 14609K, committed 14976K, reserved 1048576K
}
Event: 15.125 GC heap before
{Heap before GC invocations=34 (full 0):
 garbage-first heap   total 191488K, used 155250K [0x0000000080000000, 0x0000000100000000)
  region size 1024K, 45 young (46080K), 5 survivors (5120K)
 Metaspace       used 108189K, committed 108928K, reserved 1146880K
  class space    used 14619K, committed 14976K, reserved 1048576K
}
Event: 15.131 GC heap after
{Heap after GC invocations=35 (full 0):
 garbage-first heap   total 191488K, used 119085K [0x0000000080000000, 0x0000000100000000)
  region size 1024K, 6 young (6144K), 6 survivors (6144K)
 Metaspace       used 108189K, committed 108928K, reserved 1146880K
  class space    used 14619K, committed 14976K, reserved 1048576K
}
Event: 15.840 GC heap before
{Heap before GC invocations=35 (full 0):
 garbage-first heap   total 191488K, used 154925K [0x0000000080000000, 0x0000000100000000)
  region size 1024K, 42 young (43008K), 6 survivors (6144K)
 Metaspace       used 108430K, committed 109184K, reserved 1146880K
  class space    used 14646K, committed 14976K, reserved 1048576K
}
Event: 15.845 GC heap after
{Heap after GC invocations=36 (full 0):
 garbage-first heap   total 233472K, used 122335K [0x0000000080000000, 0x0000000100000000)
  region size 1024K, 6 young (6144K), 6 survivors (6144K)
 Metaspace       used 108430K, committed 109184K, reserved 1146880K
  class space    used 14646K, committed 14976K, reserved 1048576K
}
Event: 16.100 GC heap before
{Heap before GC invocations=36 (full 0):
 garbage-first heap   total 233472K, used 186847K [0x0000000080000000, 0x0000000100000000)
  region size 1024K, 70 young (71680K), 6 survivors (6144K)
 Metaspace       used 108568K, committed 109312K, reserved 1146880K
  class space    used 14649K, committed 15040K, reserved 1048576K
}
Event: 16.107 GC heap after
{Heap after GC invocations=37 (full 0):
 garbage-first heap   total 233472K, used 126475K [0x0000000080000000, 0x0000000100000000)
  region size 1024K, 7 young (7168K), 7 survivors (7168K)
 Metaspace       used 108568K, committed 109312K, reserved 1146880K
  class space    used 14649K, committed 15040K, reserved 1048576K
}
Event: 16.494 GC heap before
{Heap before GC invocations=37 (full 0):
 garbage-first heap   total 233472K, used 187915K [0x0000000080000000, 0x0000000100000000)
  region size 1024K, 68 young (69632K), 7 survivors (7168K)
 Metaspace       used 108663K, committed 109440K, reserved 1146880K
  class space    used 14663K, committed 15040K, reserved 1048576K
}
Event: 16.501 GC heap after
{Heap after GC invocations=38 (full 0):
 garbage-first heap   total 233472K, used 129980K [0x0000000080000000, 0x0000000100000000)
  region size 1024K, 7 young (7168K), 7 survivors (7168K)
 Metaspace       used 108663K, committed 109440K, reserved 1146880K
  class space    used 14663K, committed 15040K, reserved 1048576K
}
Event: 16.898 GC heap before
{Heap before GC invocations=38 (full 0):
 garbage-first heap   total 233472K, used 188348K [0x0000000080000000, 0x0000000100000000)
  region size 1024K, 65 young (66560K), 7 survivors (7168K)
 Metaspace       used 108899K, committed 109632K, reserved 1146880K
  class space    used 14699K, committed 15040K, reserved 1048576K
}
Event: 16.904 GC heap after
{Heap after GC invocations=39 (full 0):
 garbage-first heap   total 233472K, used 134188K [0x0000000080000000, 0x0000000100000000)
  region size 1024K, 7 young (7168K), 7 survivors (7168K)
 Metaspace       used 108899K, committed 109632K, reserved 1146880K
  class space    used 14699K, committed 15040K, reserved 1048576K
}
Event: 17.332 GC heap before
{Heap before GC invocations=39 (full 0):
 garbage-first heap   total 233472K, used 188460K [0x0000000080000000, 0x0000000100000000)
  region size 1024K, 61 young (62464K), 7 survivors (7168K)
 Metaspace       used 109314K, committed 110080K, reserved 1146880K
  class space    used 14771K, committed 15104K, reserved 1048576K
}
Event: 17.339 GC heap after
{Heap after GC invocations=40 (full 0):
 garbage-first heap   total 233472K, used 136762K [0x0000000080000000, 0x0000000100000000)
  region size 1024K, 6 young (6144K), 6 survivors (6144K)
 Metaspace       used 109314K, committed 110080K, reserved 1146880K
  class space    used 14771K, committed 15104K, reserved 1048576K
}
Event: 17.833 GC heap before
{Heap before GC invocations=40 (full 0):
 garbage-first heap   total 233472K, used 190010K [0x0000000080000000, 0x0000000100000000)
  region size 1024K, 59 young (60416K), 6 survivors (6144K)
 Metaspace       used 111022K, committed 111808K, reserved 1146880K
  class space    used 14962K, committed 15360K, reserved 1048576K
}
Event: 17.837 GC heap after
{Heap after GC invocations=41 (full 0):
 garbage-first heap   total 233472K, used 138780K [0x0000000080000000, 0x0000000100000000)
  region size 1024K, 3 young (3072K), 3 survivors (3072K)
 Metaspace       used 111022K, committed 111808K, reserved 1146880K
  class space    used 14962K, committed 15360K, reserved 1048576K
}
Event: 18.132 GC heap before
{Heap before GC invocations=41 (full 0):
 garbage-first heap   total 233472K, used 192028K [0x0000000080000000, 0x0000000100000000)
  region size 1024K, 56 young (57344K), 3 survivors (3072K)
 Metaspace       used 112082K, committed 112832K, reserved 1146880K
  class space    used 15115K, committed 15488K, reserved 1048576K
}
Event: 18.141 GC heap after
{Heap after GC invocations=42 (full 0):
 garbage-first heap   total 233472K, used 144381K [0x0000000080000000, 0x0000000100000000)
  region size 1024K, 7 young (7168K), 7 survivors (7168K)
 Metaspace       used 112082K, committed 112832K, reserved 1146880K
  class space    used 15115K, committed 15488K, reserved 1048576K
}
Event: 18.300 GC heap before
{Heap before GC invocations=42 (full 0):
 garbage-first heap   total 233472K, used 193533K [0x0000000080000000, 0x0000000100000000)
  region size 1024K, 56 young (57344K), 7 survivors (7168K)
 Metaspace       used 112116K, committed 112896K, reserved 1146880K
  class space    used 15117K, committed 15488K, reserved 1048576K
}
Event: 18.308 GC heap after
{Heap after GC invocations=43 (full 0):
 garbage-first heap   total 233472K, used 147822K [0x0000000080000000, 0x0000000100000000)
  region size 1024K, 6 young (6144K), 6 survivors (6144K)
 Metaspace       used 112116K, committed 112896K, reserved 1146880K
  class space    used 15117K, committed 15488K, reserved 1048576K
}

