# JRE version: OpenJDK Runtime Environment (17.0.9) (build 17.0.9+0--11185874)
# Java VM: OpenJDK 64-Bit Server VM (17.0.9+0--11185874, mixed mode, tiered, compressed oops, compressed class ptrs, g1 gc, windows-amd64)
GC Precious Log:
 CPUs: 12 total, 12 available
 Memory: 32693M
 Large Page Support: Disabled
 NUMA Support: Disabled
 Compressed Oops: Enabled (Zero based)
 Heap Region Size: 4M
 Heap Min Capacity: 8M
 Heap Initial Capacity: 512M
 Heap Max Capacity: 8176M
 Pre-touch: Disabled
 Parallel Workers: 10
 Concurrent Workers: 3
 Concurrent Refinement Workers: 10
 Periodic GC: Disabled
Heap:
 garbage-first heap   total 319488K, used 106783K [0x0000000601000000, 0x0000000800000000)
  region size 4096K, 3 young (12288K), 3 survivors (12288K)
 Metaspace       used 66282K, committed 66688K, reserved 1114112K
  class space    used 7314K, committed 7552K, reserved 1048576K
GC Heap History (20 events):
Event: 1.197 GC heap after
{Heap after GC invocations=6 (full 0):
 garbage-first heap   total 57344K, used 18530K [0x0000000601000000, 0x0000000800000000)
  region size 4096K, 1 young (4096K), 1 survivors (4096K)
 Metaspace       used 28191K, committed 28352K, reserved 1114112K
  class space    used 3542K, committed 3584K, reserved 1048576K
}
Event: 1.319 GC heap before
{Heap before GC invocations=6 (full 0):
 garbage-first heap   total 57344K, used 30818K [0x0000000601000000, 0x0000000800000000)
  region size 4096K, 4 young (16384K), 1 survivors (4096K)
 Metaspace       used 30407K, committed 30656K, reserved 1114112K
  class space    used 3804K, committed 3904K, reserved 1048576K
}
Event: 1.324 GC heap after
{Heap after GC invocations=7 (full 0):
 garbage-first heap   total 290816K, used 19807K [0x0000000601000000, 0x0000000800000000)
  region size 4096K, 1 young (4096K), 1 survivors (4096K)
 Metaspace       used 30407K, committed 30656K, reserved 1114112K
  class space    used 3804K, committed 3904K, reserved 1048576K
}
Event: 1.570 GC heap before
{Heap before GC invocations=7 (full 0):
 garbage-first heap   total 290816K, used 44383K [0x0000000601000000, 0x0000000800000000)
  region size 4096K, 8 young (32768K), 1 survivors (4096K)
 Metaspace       used 35740K, committed 35968K, reserved 1114112K
  class space    used 4291K, committed 4416K, reserved 1048576K
}
Event: 1.573 GC heap after
{Heap after GC invocations=8 (full 0):
 garbage-first heap   total 290816K, used 22388K [0x0000000601000000, 0x0000000800000000)
  region size 4096K, 2 young (8192K), 2 survivors (8192K)
 Metaspace       used 35740K, committed 35968K, reserved 1114112K
  class space    used 4291K, committed 4416K, reserved 1048576K
}
Event: 2.383 GC heap before
{Heap before GC invocations=9 (full 0):
 garbage-first heap   total 110592K, used 79732K [0x0000000601000000, 0x0000000800000000)
  region size 4096K, 16 young (65536K), 2 survivors (8192K)
 Metaspace       used 43330K, committed 43584K, reserved 1114112K
  class space    used 5151K, committed 5248K, reserved 1048576K
}
Event: 2.397 GC heap after
{Heap after GC invocations=10 (full 0):
 garbage-first heap   total 110592K, used 33669K [0x0000000601000000, 0x0000000800000000)
  region size 4096K, 2 young (8192K), 2 survivors (8192K)
 Metaspace       used 43330K, committed 43584K, reserved 1114112K
  class space    used 5151K, committed 5248K, reserved 1048576K
}
Event: 2.416 GC heap before
{Heap before GC invocations=10 (full 0):
 garbage-first heap   total 110592K, used 37765K [0x0000000601000000, 0x0000000800000000)
  region size 4096K, 3 young (12288K), 2 survivors (8192K)
 Metaspace       used 43345K, committed 43584K, reserved 1114112K
  class space    used 5151K, committed 5248K, reserved 1048576K
}
Event: 2.422 GC heap after
{Heap after GC invocations=11 (full 0):
 garbage-first heap   total 110592K, used 35643K [0x0000000601000000, 0x0000000800000000)
  region size 4096K, 1 young (4096K), 1 survivors (4096K)
 Metaspace       used 43345K, committed 43584K, reserved 1114112K
  class space    used 5151K, committed 5248K, reserved 1048576K
}
Event: 2.698 GC heap before
{Heap before GC invocations=11 (full 0):
 garbage-first heap   total 110592K, used 68411K [0x0000000601000000, 0x0000000800000000)
  region size 4096K, 9 young (36864K), 1 survivors (4096K)
 Metaspace       used 46024K, committed 46272K, reserved 1114112K
  class space    used 5445K, committed 5568K, reserved 1048576K
}
Event: 2.704 GC heap after
{Heap after GC invocations=12 (full 0):
 garbage-first heap   total 319488K, used 37822K [0x0000000601000000, 0x0000000800000000)
  region size 4096K, 1 young (4096K), 1 survivors (4096K)
 Metaspace       used 46024K, committed 46272K, reserved 1114112K
  class space    used 5445K, committed 5568K, reserved 1048576K
}
Event: 4.886 GC heap before
{Heap before GC invocations=12 (full 0):
 garbage-first heap   total 319488K, used 222142K [0x0000000601000000, 0x0000000800000000)
  region size 4096K, 46 young (188416K), 1 survivors (4096K)
 Metaspace       used 54952K, committed 55232K, reserved 1114112K
  class space    used 6276K, committed 6400K, reserved 1048576K
}
Event: 4.914 GC heap after
{Heap after GC invocations=13 (full 0):
 garbage-first heap   total 319488K, used 73599K [0x0000000601000000, 0x0000000800000000)
  region size 4096K, 6 young (24576K), 6 survivors (24576K)
 Metaspace       used 54952K, committed 55232K, reserved 1114112K
  class space    used 6276K, committed 6400K, reserved 1048576K
}
Event: 6.301 GC heap before
{Heap before GC invocations=13 (full 0):
 garbage-first heap   total 319488K, used 155519K [0x0000000601000000, 0x0000000800000000)
  region size 4096K, 27 young (110592K), 6 survivors (24576K)
 Metaspace       used 60072K, committed 60288K, reserved 1114112K
  class space    used 6767K, committed 6848K, reserved 1048576K
}
Event: 6.328 GC heap after
{Heap after GC invocations=14 (full 0):
 garbage-first heap   total 319488K, used 87375K [0x0000000601000000, 0x0000000800000000)
  region size 4096K, 4 young (16384K), 4 survivors (16384K)
 Metaspace       used 60072K, committed 60288K, reserved 1114112K
  class space    used 6767K, committed 6848K, reserved 1048576K
}
Event: 7.728 GC heap before
{Heap before GC invocations=15 (full 0):
 garbage-first heap   total 319488K, used 206159K [0x0000000601000000, 0x0000000800000000)
  region size 4096K, 33 young (135168K), 4 survivors (16384K)
 Metaspace       used 63853K, committed 64128K, reserved 1114112K
  class space    used 7149K, committed 7296K, reserved 1048576K
}
Event: 7.742 GC heap after
{Heap after GC invocations=16 (full 0):
 garbage-first heap   total 319488K, used 99112K [0x0000000601000000, 0x0000000800000000)
  region size 4096K, 3 young (12288K), 3 survivors (12288K)
 Metaspace       used 63853K, committed 64128K, reserved 1114112K
  class space    used 7149K, committed 7296K, reserved 1048576K
}
Event: 7.792 GC heap before
{Heap before GC invocations=16 (full 0):
 garbage-first heap   total 319488K, used 103208K [0x0000000601000000, 0x0000000800000000)
  region size 4096K, 4 young (16384K), 3 survivors (12288K)
 Metaspace       used 63939K, committed 64192K, reserved 1114112K
  class space    used 7157K, committed 7296K, reserved 1048576K
}
Event: 7.827 GC heap after
{Heap after GC invocations=17 (full 0):
 garbage-first heap   total 319488K, used 98548K [0x0000000601000000, 0x0000000800000000)
  region size 4096K, 1 young (4096K), 1 survivors (4096K)
 Metaspace       used 63939K, committed 64192K, reserved 1114112K
  class space    used 7157K, committed 7296K, reserved 1048576K
}
Event: 9.528 GC heap before
{Heap before GC invocations=17 (full 0):
 garbage-first heap   total 319488K, used 221428K [0x0000000601000000, 0x0000000800000000)
  region size 4096K, 31 young (126976K), 1 survivors (4096K)
 Metaspace       used 66282K, committed 66688K, reserved 1114112K
  class space    used 7314K, committed 7552K, reserved 1048576K
}

