# JRE version: OpenJDK Runtime Environment (17.0.9) (build 17.0.9+0--11185874)
# Java VM: OpenJDK 64-Bit Server VM (17.0.9+0--11185874, mixed mode, tiered, compressed oops, compressed class ptrs, g1 gc, windows-amd64)
GC Precious Log:
 CPUs: 12 total, 12 available
 Memory: 32693M
 Large Page Support: Disabled
 NUMA Support: Disabled
 Compressed Oops: Enabled (Zero based)
 Heap Region Size: 4M
 Heap Min Capacity: 8M
 Heap Initial Capacity: 512M
 Heap Max Capacity: 8176M
 Pre-touch: Disabled
 Parallel Workers: 10
 Concurrent Workers: 3
 Concurrent Refinement Workers: 10
 Periodic GC: Disabled
Heap:
 garbage-first heap   total 245760K, used 148387K [0x0000000601000000, 0x0000000800000000)
  region size 4096K, 18 young (73728K), 3 survivors (12288K)
 Metaspace       used 71493K, committed 71808K, reserved 1114112K
  class space    used 8108K, committed 8256K, reserved 1048576K
GC Heap History (20 events):
Event: 1.647 GC heap before
{Heap before GC invocations=5 (full 0):
 garbage-first heap   total 57344K, used 30725K [0x0000000601000000, 0x0000000800000000)
  region size 4096K, 4 young (16384K), 1 survivors (4096K)
 Metaspace       used 28014K, committed 28224K, reserved 1114112K
  class space    used 3520K, committed 3584K, reserved 1048576K
}
Event: 1.649 GC heap after
{Heap after GC invocations=6 (full 0):
 garbage-first heap   total 57344K, used 18583K [0x0000000601000000, 0x0000000800000000)
  region size 4096K, 1 young (4096K), 1 survivors (4096K)
 Metaspace       used 28014K, committed 28224K, reserved 1114112K
  class space    used 3520K, committed 3584K, reserved 1048576K
}
Event: 1.799 GC heap before
{Heap before GC invocations=6 (full 0):
 garbage-first heap   total 57344K, used 26775K [0x0000000601000000, 0x0000000800000000)
  region size 4096K, 4 young (16384K), 1 survivors (4096K)
 Metaspace       used 29710K, committed 29888K, reserved 1114112K
  class space    used 3711K, committed 3776K, reserved 1048576K
}
Event: 1.804 GC heap after
{Heap after GC invocations=7 (full 0):
 garbage-first heap   total 57344K, used 20452K [0x0000000601000000, 0x0000000800000000)
  region size 4096K, 1 young (4096K), 1 survivors (4096K)
 Metaspace       used 29710K, committed 29888K, reserved 1114112K
  class space    used 3711K, committed 3776K, reserved 1048576K
}
Event: 1.951 GC heap before
{Heap before GC invocations=7 (full 0):
 garbage-first heap   total 57344K, used 32740K [0x0000000601000000, 0x0000000800000000)
  region size 4096K, 4 young (16384K), 1 survivors (4096K)
 Metaspace       used 32160K, committed 32384K, reserved 1114112K
  class space    used 3968K, committed 4096K, reserved 1048576K
}
Event: 1.956 GC heap after
{Heap after GC invocations=8 (full 0):
 garbage-first heap   total 290816K, used 22010K [0x0000000601000000, 0x0000000800000000)
  region size 4096K, 1 young (4096K), 1 survivors (4096K)
 Metaspace       used 32160K, committed 32384K, reserved 1114112K
  class space    used 3968K, committed 4096K, reserved 1048576K
}
Event: 2.127 GC heap before
{Heap before GC invocations=8 (full 0):
 garbage-first heap   total 290816K, used 38394K [0x0000000601000000, 0x0000000800000000)
  region size 4096K, 6 young (24576K), 1 survivors (4096K)
 Metaspace       used 35744K, committed 35968K, reserved 1114112K
  class space    used 4286K, committed 4416K, reserved 1048576K
}
Event: 2.131 GC heap after
{Heap after GC invocations=9 (full 0):
 garbage-first heap   total 290816K, used 24051K [0x0000000601000000, 0x0000000800000000)
  region size 4096K, 2 young (8192K), 2 survivors (8192K)
 Metaspace       used 35744K, committed 35968K, reserved 1114112K
  class space    used 4286K, committed 4416K, reserved 1048576K
}
Event: 2.930 GC heap before
{Heap before GC invocations=10 (full 0):
 garbage-first heap   total 110592K, used 81395K [0x0000000601000000, 0x0000000800000000)
  region size 4096K, 16 young (65536K), 2 survivors (8192K)
 Metaspace       used 41865K, committed 42048K, reserved 1114112K
  class space    used 4934K, committed 4992K, reserved 1048576K
}
Event: 2.947 GC heap after
{Heap after GC invocations=11 (full 0):
 garbage-first heap   total 110592K, used 36192K [0x0000000601000000, 0x0000000800000000)
  region size 4096K, 2 young (8192K), 2 survivors (8192K)
 Metaspace       used 41865K, committed 42048K, reserved 1114112K
  class space    used 4934K, committed 4992K, reserved 1048576K
}
Event: 3.333 GC heap before
{Heap before GC invocations=11 (full 0):
 garbage-first heap   total 110592K, used 64864K [0x0000000601000000, 0x0000000800000000)
  region size 4096K, 10 young (40960K), 2 survivors (8192K)
 Metaspace       used 46026K, committed 46336K, reserved 1114112K
  class space    used 5475K, committed 5632K, reserved 1048576K
}
Event: 3.348 GC heap after
{Heap after GC invocations=12 (full 0):
 garbage-first heap   total 110592K, used 44633K [0x0000000601000000, 0x0000000800000000)
  region size 4096K, 2 young (8192K), 2 survivors (8192K)
 Metaspace       used 46026K, committed 46336K, reserved 1114112K
  class space    used 5475K, committed 5632K, reserved 1048576K
}
Event: 3.613 GC heap before
{Heap before GC invocations=12 (full 0):
 garbage-first heap   total 110592K, used 73305K [0x0000000601000000, 0x0000000800000000)
  region size 4096K, 9 young (36864K), 2 survivors (8192K)
 Metaspace       used 47219K, committed 47488K, reserved 1114112K
  class space    used 5605K, committed 5760K, reserved 1048576K
}
Event: 3.628 GC heap after
{Heap after GC invocations=13 (full 0):
 garbage-first heap   total 319488K, used 45437K [0x0000000601000000, 0x0000000800000000)
  region size 4096K, 1 young (4096K), 1 survivors (4096K)
 Metaspace       used 47219K, committed 47488K, reserved 1114112K
  class space    used 5605K, committed 5760K, reserved 1048576K
}
Event: 6.007 GC heap before
{Heap before GC invocations=13 (full 0):
 garbage-first heap   total 319488K, used 164221K [0x0000000601000000, 0x0000000800000000)
  region size 4096K, 31 young (126976K), 1 survivors (4096K)
 Metaspace       used 59910K, committed 60160K, reserved 1114112K
  class space    used 6999K, committed 7104K, reserved 1048576K
}
Event: 6.028 GC heap after
{Heap after GC invocations=14 (full 0):
 garbage-first heap   total 319488K, used 64110K [0x0000000601000000, 0x0000000800000000)
  region size 4096K, 5 young (20480K), 5 survivors (20480K)
 Metaspace       used 59910K, committed 60160K, reserved 1114112K
  class space    used 6999K, committed 7104K, reserved 1048576K
}
Event: 8.165 GC heap before
{Heap before GC invocations=15 (full 0):
 garbage-first heap   total 245760K, used 186990K [0x0000000601000000, 0x0000000800000000)
  region size 4096K, 36 young (147456K), 5 survivors (20480K)
 Metaspace       used 66008K, committed 66304K, reserved 1114112K
  class space    used 7573K, committed 7744K, reserved 1048576K
}
Event: 8.192 GC heap after
{Heap after GC invocations=16 (full 0):
 garbage-first heap   total 245760K, used 80546K [0x0000000601000000, 0x0000000800000000)
  region size 4096K, 5 young (20480K), 5 survivors (20480K)
 Metaspace       used 66008K, committed 66304K, reserved 1114112K
  class space    used 7573K, committed 7744K, reserved 1048576K
}
Event: 10.169 GC heap before
{Heap before GC invocations=16 (full 0):
 garbage-first heap   total 245760K, used 166562K [0x0000000601000000, 0x0000000800000000)
  region size 4096K, 26 young (106496K), 5 survivors (20480K)
 Metaspace       used 70949K, committed 71296K, reserved 1114112K
  class space    used 8093K, committed 8256K, reserved 1048576K
}
Event: 10.191 GC heap after
{Heap after GC invocations=17 (full 0):
 garbage-first heap   total 245760K, used 91043K [0x0000000601000000, 0x0000000800000000)
  region size 4096K, 3 young (12288K), 3 survivors (12288K)
 Metaspace       used 70949K, committed 71296K, reserved 1114112K
  class space    used 8093K, committed 8256K, reserved 1048576K
}

