# JRE version: OpenJDK Runtime Environment (17.0.9) (build 17.0.9+0--11185874)
# Java VM: OpenJDK 64-Bit Server VM (17.0.9+0--11185874, mixed mode, tiered, compressed oops, compressed class ptrs, g1 gc, windows-amd64)
GC Precious Log:
 CPUs: 12 total, 12 available
 Memory: 32693M
 Large Page Support: Disabled
 NUMA Support: Disabled
 Compressed Oops: Enabled (Zero based)
 Heap Region Size: 4M
 Heap Min Capacity: 8M
 Heap Initial Capacity: 512M
 Heap Max Capacity: 8176M
 Pre-touch: Disabled
 Parallel Workers: 10
 Concurrent Workers: 3
 Concurrent Refinement Workers: 10
 Periodic GC: Disabled
Heap:
 garbage-first heap   total 315392K, used 107576K [0x0000000601000000, 0x0000000800000000)
  region size 4096K, 3 young (12288K), 3 survivors (12288K)
 Metaspace       used 66278K, committed 66752K, reserved 1114112K
  class space    used 7314K, committed 7552K, reserved 1048576K
GC Heap History (20 events):
Event: 1.185 GC heap after
{Heap after GC invocations=5 (full 0):
 garbage-first heap   total 57344K, used 17983K [0x0000000601000000, 0x0000000800000000)
  region size 4096K, 1 young (4096K), 1 survivors (4096K)
 Metaspace       used 24846K, committed 25088K, reserved 1114112K
  class space    used 3146K, committed 3264K, reserved 1048576K
}
Event: 1.322 GC heap before
{Heap before GC invocations=5 (full 0):
 garbage-first heap   total 57344K, used 26175K [0x0000000601000000, 0x0000000800000000)
  region size 4096K, 4 young (16384K), 1 survivors (4096K)
 Metaspace       used 28223K, committed 28352K, reserved 1114112K
  class space    used 3542K, committed 3584K, reserved 1048576K
}
Event: 1.325 GC heap after
{Heap after GC invocations=6 (full 0):
 garbage-first heap   total 290816K, used 18573K [0x0000000601000000, 0x0000000800000000)
  region size 4096K, 1 young (4096K), 1 survivors (4096K)
 Metaspace       used 28223K, committed 28352K, reserved 1114112K
  class space    used 3542K, committed 3584K, reserved 1048576K
}
Event: 1.693 GC heap before
{Heap before GC invocations=6 (full 0):
 garbage-first heap   total 290816K, used 55437K [0x0000000601000000, 0x0000000800000000)
  region size 4096K, 11 young (45056K), 1 survivors (4096K)
 Metaspace       used 35762K, committed 35968K, reserved 1114112K
  class space    used 4290K, committed 4416K, reserved 1048576K
}
Event: 1.697 GC heap after
{Heap after GC invocations=7 (full 0):
 garbage-first heap   total 290816K, used 22276K [0x0000000601000000, 0x0000000800000000)
  region size 4096K, 2 young (8192K), 2 survivors (8192K)
 Metaspace       used 35762K, committed 35968K, reserved 1114112K
  class space    used 4290K, committed 4416K, reserved 1048576K
}
Event: 2.505 GC heap before
{Heap before GC invocations=8 (full 0):
 garbage-first heap   total 110592K, used 75524K [0x0000000601000000, 0x0000000800000000)
  region size 4096K, 16 young (65536K), 2 survivors (8192K)
 Metaspace       used 43375K, committed 43584K, reserved 1114112K
  class space    used 5151K, committed 5248K, reserved 1048576K
}
Event: 2.515 GC heap after
{Heap after GC invocations=9 (full 0):
 garbage-first heap   total 110592K, used 33573K [0x0000000601000000, 0x0000000800000000)
  region size 4096K, 2 young (8192K), 2 survivors (8192K)
 Metaspace       used 43375K, committed 43584K, reserved 1114112K
  class space    used 5151K, committed 5248K, reserved 1048576K
}
Event: 2.530 GC heap before
{Heap before GC invocations=9 (full 0):
 garbage-first heap   total 110592K, used 37669K [0x0000000601000000, 0x0000000800000000)
  region size 4096K, 3 young (12288K), 2 survivors (8192K)
 Metaspace       used 43384K, committed 43584K, reserved 1114112K
  class space    used 5151K, committed 5248K, reserved 1048576K
}
Event: 2.537 GC heap after
{Heap after GC invocations=10 (full 0):
 garbage-first heap   total 110592K, used 35272K [0x0000000601000000, 0x0000000800000000)
  region size 4096K, 1 young (4096K), 1 survivors (4096K)
 Metaspace       used 43384K, committed 43584K, reserved 1114112K
  class space    used 5151K, committed 5248K, reserved 1048576K
}
Event: 2.889 GC heap before
{Heap before GC invocations=10 (full 0):
 garbage-first heap   total 110592K, used 72136K [0x0000000601000000, 0x0000000800000000)
  region size 4096K, 10 young (40960K), 1 survivors (4096K)
 Metaspace       used 46352K, committed 46592K, reserved 1114112K
  class space    used 5450K, committed 5568K, reserved 1048576K
}
Event: 2.899 GC heap after
{Heap after GC invocations=11 (full 0):
 garbage-first heap   total 319488K, used 38480K [0x0000000601000000, 0x0000000800000000)
  region size 4096K, 2 young (8192K), 2 survivors (8192K)
 Metaspace       used 46352K, committed 46592K, reserved 1114112K
  class space    used 5450K, committed 5568K, reserved 1048576K
}
Event: 4.938 GC heap before
{Heap before GC invocations=11 (full 0):
 garbage-first heap   total 319488K, used 218704K [0x0000000601000000, 0x0000000800000000)
  region size 4096K, 46 young (188416K), 2 survivors (8192K)
 Metaspace       used 54962K, committed 55232K, reserved 1114112K
  class space    used 6276K, committed 6400K, reserved 1048576K
}
Event: 4.971 GC heap after
{Heap after GC invocations=12 (full 0):
 garbage-first heap   total 319488K, used 72555K [0x0000000601000000, 0x0000000800000000)
  region size 4096K, 6 young (24576K), 6 survivors (24576K)
 Metaspace       used 54962K, committed 55232K, reserved 1114112K
  class space    used 6276K, committed 6400K, reserved 1048576K
}
Event: 6.507 GC heap before
{Heap before GC invocations=12 (full 0):
 garbage-first heap   total 319488K, used 158571K [0x0000000601000000, 0x0000000800000000)
  region size 4096K, 28 young (114688K), 6 survivors (24576K)
 Metaspace       used 60089K, committed 60288K, reserved 1114112K
  class space    used 6767K, committed 6848K, reserved 1048576K
}
Event: 6.533 GC heap after
{Heap after GC invocations=13 (full 0):
 garbage-first heap   total 319488K, used 87053K [0x0000000601000000, 0x0000000800000000)
  region size 4096K, 4 young (16384K), 4 survivors (16384K)
 Metaspace       used 60089K, committed 60288K, reserved 1114112K
  class space    used 6767K, committed 6848K, reserved 1048576K
}
Event: 8.076 GC heap before
{Heap before GC invocations=14 (full 0):
 garbage-first heap   total 315392K, used 209933K [0x0000000601000000, 0x0000000800000000)
  region size 4096K, 34 young (139264K), 4 survivors (16384K)
 Metaspace       used 63979K, committed 64256K, reserved 1114112K
  class space    used 7157K, committed 7296K, reserved 1048576K
}
Event: 8.093 GC heap after
{Heap after GC invocations=15 (full 0):
 garbage-first heap   total 315392K, used 98349K [0x0000000601000000, 0x0000000800000000)
  region size 4096K, 3 young (12288K), 3 survivors (12288K)
 Metaspace       used 63979K, committed 64256K, reserved 1114112K
  class space    used 7157K, committed 7296K, reserved 1048576K
}
Event: 8.178 GC heap before
{Heap before GC invocations=15 (full 0):
 garbage-first heap   total 315392K, used 102445K [0x0000000601000000, 0x0000000800000000)
  region size 4096K, 4 young (16384K), 3 survivors (12288K)
 Metaspace       used 64058K, committed 64320K, reserved 1114112K
  class space    used 7157K, committed 7296K, reserved 1048576K
}
Event: 8.214 GC heap after
{Heap after GC invocations=16 (full 0):
 garbage-first heap   total 315392K, used 99450K [0x0000000601000000, 0x0000000800000000)
  region size 4096K, 1 young (4096K), 1 survivors (4096K)
 Metaspace       used 64058K, committed 64320K, reserved 1114112K
  class space    used 7157K, committed 7296K, reserved 1048576K
}
Event: 9.867 GC heap before
{Heap before GC invocations=16 (full 0):
 garbage-first heap   total 315392K, used 222330K [0x0000000601000000, 0x0000000800000000)
  region size 4096K, 31 young (126976K), 1 survivors (4096K)
 Metaspace       used 66278K, committed 66752K, reserved 1114112K
  class space    used 7314K, committed 7552K, reserved 1048576K
}

